Autotimer: using Scalability SLOCs blocks
=======================================================================
Testing submission from NetID 'comp412', name 'Comp 412'
Archive name:  comp412.tar		5 trials per block

--- building executable ---
make: *** No rule to make target 'clean'.  Stop.
cp script 412alloc
--- built executable; should be ready to run ---

Testing Scalability:

	T001k.i:  	0.0046 seconds
	T002k.i:  	0.0052 seconds
	T004k.i:  	0.0065 seconds
	T008k.i:  	0.0090 seconds
	T016k.i:  	0.0141 seconds
	T032k.i:  	0.0233 seconds
	T064k.i:  	0.0435 seconds
	T128k.i:  	0.0831 seconds

Scaling score is 100
Efficiency score is 100	(c , 0.083119)

finished timing run on submission comp412.tar
=======================================================================
Testing submission from NetID 'rew9', name 'Rose Whitt'
Archive name:  rew9.tar		5 trials per block

--- built executable; should be ready to run ---

Testing Scalability:

	T001k.i:  	0.0701 seconds
	T002k.i:  	0.1010 seconds
	T004k.i:  	0.1641 seconds
	T008k.i:  	0.2860 seconds
	T016k.i:  	0.5424 seconds
	T032k.i:  	1.1005 seconds
	T064k.i:  	2.2576 seconds
	T128k.i:  	4.4905 seconds

Scaling score is 100
Efficiency score is 100	(python , 4.4905919999999995)

finished timing run on submission rew9.tar
=======================================================================
