Autotimer: using Scalability SLOCs blocks
=======================================================================
Testing submission from NetID 'comp412', name 'Comp 412'
Archive name:  comp412.tar		5 trials per block

--- building executable ---
make: *** No rule to make target 'clean'.  Stop.
cp script 412alloc
--- built executable; should be ready to run ---

Testing Scalability:

	T001k.i:  	0.0047 seconds
	T002k.i:  	0.0051 seconds
	T004k.i:  	0.0066 seconds
	T008k.i:  	0.0091 seconds
	T016k.i:  	0.0141 seconds
	T032k.i:  	0.0240 seconds
	T064k.i:  	0.0448 seconds
	T128k.i:  	0.0867 seconds

Scaling score is 100
Efficiency score is 100	(c , 0.08674)

finished timing run on submission comp412.tar
=======================================================================
Testing submission from NetID 'no netid given', name 'no name given'
Archive name:  rew9.tar		5 trials per block

--- built executable; should be ready to run ---

Testing Scalability:

	T001k.i:  	0.1722 seconds
	T002k.i:  	0.4953 seconds
	T004k.i:  	1.6866 seconds
	T008k.i:  	6.2203 seconds
	T016k.i:  	24.222 seconds
	T032k.i:  	timed out at 60 seconds.
	T064k.i:  	timed out at 60 seconds.
	T128k.i:  	timed out at 60 seconds.

Scaling score is 0
Efficiency score is 0	(python , 60.003559)

	Anomalous behavior: 4 inputs showed minimal growth

finished timing run on submission rew9.tar
=======================================================================
