Autotimer: using Scalability SLOCs blocks
=======================================================================
Testing submission from NetID 'comp412', name 'Comp 412'
Archive name:  comp412.tar		5 trials per block

--- building executable ---
make: *** No rule to make target 'clean'.  Stop.
cp script 412alloc
--- built executable; should be ready to run ---

Testing Scalability:

	T001k.i:  	0.0046 seconds
	T002k.i:  	0.0051 seconds
	T004k.i:  	0.0065 seconds
	T008k.i:  	0.0092 seconds
	T016k.i:  	0.0144 seconds
	T032k.i:  	0.0252 seconds
	T064k.i:  	0.0451 seconds
	T128k.i:  	0.0877 seconds

Scaling score is 100
Efficiency score is 100	(c , 0.08775100000000001)

finished timing run on submission comp412.tar
=======================================================================
Testing submission from NetID 'rew9', name 'Rose Whitt'
Archive name:  rew9.tar		5 trials per block

--- built executable; should be ready to run ---

Testing Scalability:

	T001k.i:  	0.0720 seconds
	T002k.i:  	0.1013 seconds
	T004k.i:  	0.1630 seconds
	T008k.i:  	0.2920 seconds
	T016k.i:  	0.5535 seconds
	T032k.i:  	1.1029 seconds
	T064k.i:  	2.2843 seconds
	T128k.i:  	4.5243 seconds

Scaling score is 100
Efficiency score is 100	(python , 4.524353)

finished timing run on submission rew9.tar
=======================================================================
