Autotimer: using Scalability SLOCs blocks
=======================================================================
Testing submission from NetID 'comp412', name 'Comp 412'
Archive name:  comp412.tar		5 trials per block

--- building executable ---
make: *** No rule to make target 'clean'.  Stop.
cp script 412alloc
--- built executable; should be ready to run ---

Testing Scalability:

	T001k.i:  	0.0113 seconds
	T002k.i:  	0.0127 seconds
	T004k.i:  	0.0162 seconds
	T008k.i:  	0.0208 seconds
	T016k.i:  	0.0293 seconds
	T032k.i:  	0.0635 seconds
	T064k.i:  	0.1172 seconds
	T128k.i:  	0.2076 seconds

Scaling score is 100
Efficiency score is 100	(c , 0.20762)

finished timing run on submission comp412.tar
=======================================================================
Testing submission from NetID 'no netid given', name 'no name given'
Archive name:  rew9.tar		5 trials per block

--- built executable; should be ready to run ---

Testing Scalability:

	T001k.i:  	0.4617 seconds
	T002k.i:  	1.0421 seconds
	T004k.i:  	2.6120 seconds
	T008k.i:  	8.1164 seconds
	T016k.i:  	29.210 seconds
	T032k.i:  	timed out at 60 seconds.
	T064k.i:  	timed out at 60 seconds.
	T128k.i:  	timed out at 60 seconds.

Scaling score is 0
Efficiency score is 0	(python , 60.005797)

	Anomalous behavior: 4 inputs showed minimal growth

finished timing run on submission rew9.tar
=======================================================================
