Autotimer: using Scalability SLOCs blocks
=======================================================================
Testing submission from NetID 'comp412', name 'Comp 412'
Archive name:  comp412.tar		5 trials per block

--- building executable ---
make: *** No rule to make target 'clean'.  Stop.
cp script 412alloc
--- built executable; should be ready to run ---

Testing Scalability:

	T001k.i:  	0.0049 seconds
	T002k.i:  	0.0060 seconds
	T004k.i:  	0.0068 seconds
	T008k.i:  	0.0100 seconds
	T016k.i:  	0.0152 seconds
	T032k.i:  	0.0258 seconds
	T064k.i:  	0.0467 seconds
	T128k.i:  	0.0870 seconds

Scaling score is 100
Efficiency score is 100	(c , 0.08706100000000001)

finished timing run on submission comp412.tar
=======================================================================
Testing submission from NetID 'no netid given', name 'no name given'
Archive name:  rew9.tar		5 trials per block

--- built executable; should be ready to run ---

Testing Scalability:

	T001k.i:  	0.0739 seconds
	T002k.i:  	0.1068 seconds
	T004k.i:  	0.1748 seconds
	T008k.i:  	0.3086 seconds
	T016k.i:  	0.6025 seconds
	T032k.i:  	1.2590 seconds
	T064k.i:  	2.5421 seconds
	T128k.i:  	5.1349 seconds

Scaling score is 100
Efficiency score is 100	(python , 5.134901)

finished timing run on submission rew9.tar
=======================================================================
