Autotimer: using Scalability SLOCs blocks
=======================================================================
Testing submission from NetID 'comp412', name 'Comp 412'
Archive name:  comp412.tar		5 trials per block

--- building executable ---
make: *** No rule to make target 'clean'.  Stop.
cp script 412alloc
--- built executable; should be ready to run ---

Testing Scalability:

	T001k.i:  	0.0048 seconds
	T002k.i:  	0.0055 seconds
	T004k.i:  	0.0067 seconds
	T008k.i:  	0.0091 seconds
	T016k.i:  	0.0146 seconds
	T032k.i:  	0.0250 seconds
	T064k.i:  	0.0438 seconds
	T128k.i:  	0.0870 seconds

Scaling score is 100
Efficiency score is 100	(c , 0.08706699999999999)

finished timing run on submission comp412.tar
=======================================================================
Testing submission from NetID 'rew9', name 'Rose Whitt'
Archive name:  rew9.tar		5 trials per block

--- built executable; should be ready to run ---

Testing Scalability:

	T001k.i:  	0.2058 seconds
	T002k.i:  	0.5605 seconds
	T004k.i:  	1.8622 seconds
	T008k.i:  	6.7048 seconds
	T016k.i:  	25.505 seconds
	T032k.i:  	timed out at 60 seconds.
	T064k.i:  	timed out at 60 seconds.
	T128k.i:  	timed out at 60 seconds.

Scaling score is 0
Efficiency score is 0	(python , 90.002807)

	Anomalous behavior: 4 inputs showed minimal growth

finished timing run on submission rew9.tar
=======================================================================
