Autotimer: using Scalability SLOCs blocks
=======================================================================
Testing submission from NetID 'comp412', name 'Comp 412'
Archive name:  comp412.tar		5 trials per block

--- building executable ---
make: *** No rule to make target 'clean'.  Stop.
cp script 412alloc
--- built executable; should be ready to run ---

Testing Scalability:

	T001k.i:  	0.0049 seconds
	T002k.i:  	0.0055 seconds
	T004k.i:  	0.0077 seconds
	T008k.i:  	0.0098 seconds
	T016k.i:  	0.0162 seconds
	T032k.i:  	0.0269 seconds
	T064k.i:  	0.0496 seconds
	T128k.i:  	0.0912 seconds

Scaling score is 100
Efficiency score is 100	(c , 0.09123)

finished timing run on submission comp412.tar
=======================================================================
Testing submission from NetID 'rew9', name 'Rose Whitt'
Archive name:  rew9.tar		5 trials per block

--- built executable; should be ready to run ---

Testing Scalability:

	T001k.i:  	0.0704 seconds
	T002k.i:  	0.1026 seconds
	T004k.i:  	0.1623 seconds
	T008k.i:  	0.2886 seconds
	T016k.i:  	0.5532 seconds
	T032k.i:  	1.1039 seconds
	T064k.i:  	2.2447 seconds
	T128k.i:  	4.5031 seconds

Scaling score is 100
Efficiency score is 100	(python , 4.50317)

finished timing run on submission rew9.tar
=======================================================================
