Autotimer: using Scalability SLOCs blocks
=======================================================================
Testing submission from NetID 'comp412', name 'Comp 412'
Archive name:  comp412.tar		5 trials per block

--- building executable ---
make: *** No rule to make target 'clean'.  Stop.
cp script 412alloc
--- built executable; should be ready to run ---

Testing Scalability:

	T001k.i:  	0.0046 seconds
	T002k.i:  	0.0053 seconds
	T004k.i:  	0.0066 seconds
	T008k.i:  	0.0092 seconds
	T016k.i:  	0.0145 seconds
	T032k.i:  	0.0245 seconds
	T064k.i:  	0.0451 seconds
	T128k.i:  	0.0857 seconds

Scaling score is 100
Efficiency score is 100	(c , 0.085718)

finished timing run on submission comp412.tar
=======================================================================
Testing submission from NetID 'no netid given', name 'no name given'
Archive name:  rew9.tar		5 trials per block

--- built executable; should be ready to run ---

Testing Scalability:

	T001k.i:  	0.1740 seconds
	T002k.i:  	0.5041 seconds
	T004k.i:  	1.6833 seconds
	T008k.i:  	6.3361 seconds
	T016k.i:  	24.425 seconds
	T032k.i:  	timed out at 60 seconds.
	T064k.i:  	timed out at 60 seconds.
	T128k.i:  	timed out at 60 seconds.

Scaling score is 0
Efficiency score is 0	(python , 60.00306)

	Anomalous behavior: 5 inputs showed minimal growth

finished timing run on submission rew9.tar
=======================================================================
